# JRE version: OpenJDK Runtime Environment (8.0_212) (build 1.8.0_212-release-1586-b4-5784211)
# Java VM: OpenJDK 64-Bit Server VM (25.212-b4-5784211 mixed mode linux-amd64 compressed oops)
Heap:
 PSYoungGen      total 412672K, used 0K [0x00000000e0000000, 0x0000000100000000, 0x0000000100000000)
  eden space 293376K, 0% used [0x00000000e0000000,0x00000000e0000000,0x00000000f1e80000)
  from space 119296K, 0% used [0x00000000f8b80000,0x00000000f8b80000,0x0000000100000000)
  to   space 111616K, 0% used [0x00000000f1e80000,0x00000000f1e80000,0x00000000f8b80000)
 ParOldGen       total 314880K, used 294729K [0x00000000a0000000, 0x00000000b3380000, 0x00000000e0000000)
  object space 314880K, 93% used [0x00000000a0000000,0x00000000b1fd2660,0x00000000b3380000)
 Metaspace       used 94635K, capacity 98510K, committed 98816K, reserved 1134592K
  class space    used 12177K, capacity 12927K, committed 13056K, reserved 1048576K
GC Heap History (10 events):
Event: 362.681 GC heap after
Heap after GC invocations=69 (full 8):
 PSYoungGen      total 439808K, used 12987K [0x00000000e0000000, 0x00000000ff800000, 0x0000000100000000)
  eden space 364032K, 0% used [0x00000000e0000000,0x00000000e0000000,0x00000000f6380000)
  from space 75776K, 17% used [0x00000000f6380000,0x00000000f702ef48,0x00000000fad80000)
  to   space 72704K, 0% used [0x00000000fb100000,0x00000000fb100000,0x00000000ff800000)
 ParOldGen       total 203264K, used 173465K [0x00000000a0000000, 0x00000000ac680000, 0x00000000e0000000)
  object space 203264K, 85% used [0x00000000a0000000,0x00000000aa966588,0x00000000ac680000)
 Metaspace       used 94025K, capacity 97830K, committed 98304K, reserved 1134592K
  class space    used 12127K, capacity 12869K, committed 13056K, reserved 1048576K
}
Event: 367.911 GC heap before
{Heap before GC invocations=70 (full 8):
 PSYoungGen      total 439808K, used 377019K [0x00000000e0000000, 0x00000000ff800000, 0x0000000100000000)
  eden space 364032K, 100% used [0x00000000e0000000,0x00000000f6380000,0x00000000f6380000)
  from space 75776K, 17% used [0x00000000f6380000,0x00000000f702ef48,0x00000000fad80000)
  to   space 72704K, 0% used [0x00000000fb100000,0x00000000fb100000,0x00000000ff800000)
 ParOldGen       total 203264K, used 173465K [0x00000000a0000000, 0x00000000ac680000, 0x00000000e0000000)
  object space 203264K, 85% used [0x00000000a0000000,0x00000000aa966588,0x00000000ac680000)
 Metaspace       used 94608K, capacity 98466K, committed 98816K, reserved 1134592K
  class space    used 12180K, capacity 12933K, committed 13056K, reserved 1048576K
Event: 375.740 GC heap after
Heap after GC invocations=70 (full 8):
 PSYoungGen      total 363520K, used 72685K [0x00000000e0000000, 0x0000000100000000, 0x0000000100000000)
  eden space 290816K, 0% used [0x00000000e0000000,0x00000000e0000000,0x00000000f1c00000)
  from space 72704K, 99% used [0x00000000fb100000,0x00000000ff7fb5b0,0x00000000ff800000)
  to   space 116736K, 0% used [0x00000000f1c00000,0x00000000f1c00000,0x00000000f8e00000)
 ParOldGen       total 256512K, used 256113K [0x00000000a0000000, 0x00000000afa80000, 0x00000000e0000000)
  object space 256512K, 99% used [0x00000000a0000000,0x00000000afa1c628,0x00000000afa80000)
 Metaspace       used 94608K, capacity 98466K, committed 98816K, reserved 1134592K
  class space    used 12180K, capacity 12933K, committed 13056K, reserved 1048576K
}
Event: 375.863 GC heap before
{Heap before GC invocations=71 (full 9):
 PSYoungGen      total 363520K, used 72685K [0x00000000e0000000, 0x0000000100000000, 0x0000000100000000)
  eden space 290816K, 0% used [0x00000000e0000000,0x00000000e0000000,0x00000000f1c00000)
  from space 72704K, 99% used [0x00000000fb100000,0x00000000ff7fb5b0,0x00000000ff800000)
  to   space 116736K, 0% used [0x00000000f1c00000,0x00000000f1c00000,0x00000000f8e00000)
 ParOldGen       total 256512K, used 256113K [0x00000000a0000000, 0x00000000afa80000, 0x00000000e0000000)
  object space 256512K, 99% used [0x00000000a0000000,0x00000000afa1c628,0x00000000afa80000)
 Metaspace       used 94608K, capacity 98466K, committed 98816K, reserved 1134592K
  class space    used 12180K, capacity 12933K, committed 13056K, reserved 1048576K
Event: 376.983 GC heap after
Heap after GC invocations=71 (full 9):
 PSYoungGen      total 363520K, used 0K [0x00000000e0000000, 0x0000000100000000, 0x0000000100000000)
  eden space 290816K, 0% used [0x00000000e0000000,0x00000000e0000000,0x00000000f1c00000)
  from space 72704K, 0% used [0x00000000fb100000,0x00000000fb100000,0x00000000ff800000)
  to   space 116736K, 0% used [0x00000000f1c00000,0x00000000f1c00000,0x00000000f8e00000)
 ParOldGen       total 314880K, used 231675K [0x00000000a0000000, 0x00000000b3380000, 0x00000000e0000000)
  object space 314880K, 73% used [0x00000000a0000000,0x00000000ae23edf0,0x00000000b3380000)
 Metaspace       used 94599K, capacity 98446K, committed 98816K, reserved 1134592K
  class space    used 12177K, capacity 12927K, committed 13056K, reserved 1048576K
}
Event: 379.502 GC heap before
{Heap before GC invocations=72 (full 9):
 PSYoungGen      total 363520K, used 290816K [0x00000000e0000000, 0x0000000100000000, 0x0000000100000000)
  eden space 290816K, 100% used [0x00000000e0000000,0x00000000f1c00000,0x00000000f1c00000)
  from space 72704K, 0% used [0x00000000fb100000,0x00000000fb100000,0x00000000ff800000)
  to   space 116736K, 0% used [0x00000000f1c00000,0x00000000f1c00000,0x00000000f8e00000)
 ParOldGen       total 314880K, used 231675K [0x00000000a0000000, 0x00000000b3380000, 0x00000000e0000000)
  object space 314880K, 73% used [0x00000000a0000000,0x00000000ae23edf0,0x00000000b3380000)
 Metaspace       used 94625K, capacity 98510K, committed 98816K, reserved 1134592K
  class space    used 12177K, capacity 12927K, committed 13056K, reserved 1048576K
Event: 379.590 GC heap after
Heap after GC invocations=72 (full 9):
 PSYoungGen      total 356352K, used 65391K [0x00000000e0000000, 0x0000000100000000, 0x0000000100000000)
  eden space 290816K, 0% used [0x00000000e0000000,0x00000000e0000000,0x00000000f1c00000)
  from space 65536K, 99% used [0x00000000f1c00000,0x00000000f5bdbd18,0x00000000f5c00000)
  to   space 119296K, 0% used [0x00000000f8b80000,0x00000000f8b80000,0x0000000100000000)
 ParOldGen       total 314880K, used 231683K [0x00000000a0000000, 0x00000000b3380000, 0x00000000e0000000)
  object space 314880K, 73% used [0x00000000a0000000,0x00000000ae240df0,0x00000000b3380000)
 Metaspace       used 94625K, capacity 98510K, committed 98816K, reserved 1134592K
  class space    used 12177K, capacity 12927K, committed 13056K, reserved 1048576K
}
Event: 380.560 GC heap before
{Heap before GC invocations=73 (full 9):
 PSYoungGen      total 356352K, used 356207K [0x00000000e0000000, 0x0000000100000000, 0x0000000100000000)
  eden space 290816K, 100% used [0x00000000e0000000,0x00000000f1c00000,0x00000000f1c00000)
  from space 65536K, 99% used [0x00000000f1c00000,0x00000000f5bdbd18,0x00000000f5c00000)
  to   space 119296K, 0% used [0x00000000f8b80000,0x00000000f8b80000,0x0000000100000000)
 ParOldGen       total 314880K, used 231683K [0x00000000a0000000, 0x00000000b3380000, 0x00000000e0000000)
  object space 314880K, 73% used [0x00000000a0000000,0x00000000ae240df0,0x00000000b3380000)
 Metaspace       used 94635K, capacity 98510K, committed 98816K, reserved 1134592K
  class space    used 12177K, capacity 12927K, committed 13056K, reserved 1048576K
Event: 380.825 GC heap after
Heap after GC invocations=73 (full 9):
 PSYoungGen      total 412672K, used 37047K [0x00000000e0000000, 0x0000000100000000, 0x0000000100000000)
  eden space 293376K, 0% used [0x00000000e0000000,0x00000000e0000000,0x00000000f1e80000)
  from space 119296K, 31% used [0x00000000f8b80000,0x00000000fafadca0,0x0000000100000000)
  to   space 111616K, 0% used [0x00000000f1e80000,0x00000000f1e80000,0x00000000f8b80000)
 ParOldGen       total 314880K, used 296666K [0x00000000a0000000, 0x00000000b3380000, 0x00000000e0000000)
  object space 314880K, 94% used [0x00000000a0000000,0x00000000b21b6a30,0x00000000b3380000)
 Metaspace       used 94635K, capacity 98510K, committed 98816K, reserved 1134592K
  class space    used 12177K, capacity 12927K, committed 13056K, reserved 1048576K
}
Event: 380.825 GC heap before
{Heap before GC invocations=74 (full 10):
 PSYoungGen      total 412672K, used 37047K [0x00000000e0000000, 0x0000000100000000, 0x0000000100000000)
  eden space 293376K, 0% used [0x00000000e0000000,0x00000000e0000000,0x00000000f1e80000)
  from space 119296K, 31% used [0x00000000f8b80000,0x00000000fafadca0,0x0000000100000000)
  to   space 111616K, 0% used [0x00000000f1e80000,0x00000000f1e80000,0x00000000f8b80000)
 ParOldGen       total 314880K, used 296666K [0x00000000a0000000, 0x00000000b3380000, 0x00000000e0000000)
  object space 314880K, 94% used [0x00000000a0000000,0x00000000b21b6a30,0x00000000b3380000)
 Metaspace       used 94635K, capacity 98510K, committed 98816K, reserved 1134592K
  class space    used 12177K, capacity 12927K, committed 13056K, reserved 1048576K

